HBuilder-Hello/app/build/outputs/logs/manifest-merger-debug-report.txt
-- Merging decision tree log ---
manifest
ADDED from src\main\AndroidManifest.xml:2:1-467:12
INJECTED from src\main\AndroidManifest.xml:2:1-467:12
INJECTED from src\main\AndroidManifest.xml:2:1-467:12
INJECTED from src\main\AndroidManifest.xml:2:1-467:12
MERGED from [:lib.5plus.base-release:] AndroidManifest.xml:2:1-224:12
MERGED from [com.android.support:multidex:1.0.2] AndroidManifest.xml:17:1-22:12
MERGED from [com.android.support:appcompat-v7:26.1.0] AndroidManifest.xml:17:1-31:12
MERGED from [com.android.support.constraint:constraint-layout:1.0.2] AndroidManifest.xml:2:1-11:12
MERGED from [com.android.support:animated-vector-drawable:26.1.0] AndroidManifest.xml:17:1-28:12
MERGED from [com.android.support:support-vector-drawable:26.1.0] AndroidManifest.xml:17:1-28:12
MERGED from [com.android.support:support-v4:26.1.0] AndroidManifest.xml:17:1-31:12
MERGED from [com.android.support:support-media-compat:26.1.0] AndroidManifest.xml:17:1-31:12
MERGED from [com.android.support:support-fragment:26.1.0] AndroidManifest.xml:17:1-31:12
MERGED from [com.android.support:support-core-utils:26.1.0] AndroidManifest.xml:17:1-31:12
MERGED from [com.android.support:support-core-ui:26.1.0] AndroidManifest.xml:17:1-31:12
MERGED from [com.android.support:support-compat:26.1.0] AndroidManifest.xml:17:1-31:12
MERGED from [android.arch.lifecycle:runtime:1.0.0] AndroidManifest.xml:17:1-30:12
INJECTED from src\main\AndroidManifest.xml:2:1-467:12
INJECTED from src\main\AndroidManifest.xml:2:1-467:12
INJECTED from src\main\AndroidManifest.xml:2:1-467:12
	package
		ADDED from src\main\AndroidManifest.xml:4:5-33
		INJECTED from src\main\AndroidManifest.xml
		INJECTED from src\main\AndroidManifest.xml
	android:versionName
		INJECTED from src\main\AndroidManifest.xml
		ADDED from src\main\AndroidManifest.xml:2:1-467:12
		INJECTED from src\main\AndroidManifest.xml
	xmlns:tools
		ADDED from src\main\AndroidManifest.xml:3:5-51
	android:versionCode
		INJECTED from src\main\AndroidManifest.xml
		ADDED from src\main\AndroidManifest.xml:2:1-467:12
		INJECTED from src\main\AndroidManifest.xml
	xmlns:android
		ADDED from src\main\AndroidManifest.xml:2:11-69
uses-permission#android.permission.CAMERA
ADDED from src\main\AndroidManifest.xml:7:5-65
MERGED from [:lib.5plus.base-release:] AndroidManifest.xml:29:5-65
MERGED from [:lib.5plus.base-release:] AndroidManifest.xml:29:5-65
	android:name
		ADDED from src\main\AndroidManifest.xml:7:22-62
uses-permission#android.permission.WRITE_EXTERNAL_STORAGE
ADDED from src\main\AndroidManifest.xml:8:5-81
MERGED from [:lib.5plus.base-release:] AndroidManifest.xml:16:5-81
MERGED from [:lib.5plus.base-release:] AndroidManifest.xml:16:5-81
	android:name
		ADDED from src\main\AndroidManifest.xml:8:22-78
uses-feature#android.hardware.camera
ADDED from src\main\AndroidManifest.xml:9:5-60
MERGED from [:lib.5plus.base-release:] AndroidManifest.xml:38:5-60
MERGED from [:lib.5plus.base-release:] AndroidManifest.xml:38:5-60
	android:name
		ADDED from src\main\AndroidManifest.xml:9:19-57
uses-feature#android.hardware.camera.autofocus
ADDED from src\main\AndroidManifest.xml:10:5-70
MERGED from [:lib.5plus.base-release:] AndroidManifest.xml:24:5-70
MERGED from [:lib.5plus.base-release:] AndroidManifest.xml:24:5-70
	android:name
		ADDED from src\main\AndroidManifest.xml:10:19-67
uses-permission#android.permission.VIBRATE
ADDED from src\main\AndroidManifest.xml:11:5-66
	android:name
		ADDED from src\main\AndroidManifest.xml:11:22-63
uses-permission#android.permission.FLASHLIGHT
ADDED from src\main\AndroidManifest.xml:12:5-69
MERGED from [:lib.5plus.base-release:] AndroidManifest.xml:36:5-69
MERGED from [:lib.5plus.base-release:] AndroidManifest.xml:36:5-69
	android:name
		ADDED from src\main\AndroidManifest.xml:12:22-66
uses-permission#android.permission.INTERNET
ADDED from src\main\AndroidManifest.xml:18:5-67
MERGED from [:lib.5plus.base-release:] AndroidManifest.xml:17:5-67
MERGED from [:lib.5plus.base-release:] AndroidManifest.xml:17:5-67
MERGED from [:lib.5plus.base-release:] AndroidManifest.xml:34:5-67
MERGED from [:lib.5plus.base-release:] AndroidManifest.xml:34:5-67
	android:name
		ADDED from src\main\AndroidManifest.xml:18:22-64
uses-permission#android.permission.ACCESS_COARSE_LOCATION
ADDED from src\main\AndroidManifest.xml:20:5-81
	android:name
		ADDED from src\main\AndroidManifest.xml:20:22-78
uses-permission#android.permission.ACCESS_FINE_LOCATION
ADDED from src\main\AndroidManifest.xml:21:5-79
	android:name
		ADDED from src\main\AndroidManifest.xml:21:22-76
uses-permission#android.permission.WRITE_SETTINGS
ADDED from src\main\AndroidManifest.xml:22:5-73
	android:name
		ADDED from src\main\AndroidManifest.xml:22:22-70
uses-permission#android.permission.ACCESS_NETWORK_STATE
ADDED from src\main\AndroidManifest.xml:23:5-79
MERGED from [:lib.5plus.base-release:] AndroidManifest.xml:18:5-79
MERGED from [:lib.5plus.base-release:] AndroidManifest.xml:18:5-79
MERGED from [:lib.5plus.base-release:] AndroidManifest.xml:27:5-79
MERGED from [:lib.5plus.base-release:] AndroidManifest.xml:27:5-79
	android:name
		ADDED from src\main\AndroidManifest.xml:23:22-76
uses-permission#android.permission.CHANGE_WIFI_STATE
ADDED from src\main\AndroidManifest.xml:24:5-76
	android:name
		ADDED from src\main\AndroidManifest.xml:24:22-73
uses-permission#android.permission.READ_PHONE_STATE
ADDED from src\main\AndroidManifest.xml:25:5-75
MERGED from [:lib.5plus.base-release:] AndroidManifest.xml:35:5-75
MERGED from [:lib.5plus.base-release:] AndroidManifest.xml:35:5-75
	android:name
		ADDED from src\main\AndroidManifest.xml:25:22-72
uses-permission#android.permission.MOUNT_UNMOUNT_FILESYSTEMS
ADDED from src\main\AndroidManifest.xml:26:5-84
	android:name
		ADDED from src\main\AndroidManifest.xml:26:22-81
uses-permission#android.permission.READ_LOGS
ADDED from src\main\AndroidManifest.xml:27:5-68
	android:name
		ADDED from src\main\AndroidManifest.xml:27:22-65
uses-permission#android.permission.WAKE_LOCK
ADDED from src\main\AndroidManifest.xml:63:5-68
	android:name
		ADDED from src\main\AndroidManifest.xml:63:22-65
uses-permission#android.permission.RECEIVE_BOOT_COMPLETED
ADDED from src\main\AndroidManifest.xml:64:5-81
	android:name
		ADDED from src\main\AndroidManifest.xml:64:22-78
uses-permission#android.permission.ACCESS_WIFI_STATE
ADDED from src\main\AndroidManifest.xml:67:5-76
MERGED from [:lib.5plus.base-release:] AndroidManifest.xml:22:5-76
MERGED from [:lib.5plus.base-release:] AndroidManifest.xml:22:5-76
	android:name
		ADDED from src\main\AndroidManifest.xml:67:22-73
uses-permission#android.permission.CALL_PHONE
ADDED from src\main\AndroidManifest.xml:68:5-69
	android:name
		ADDED from src\main\AndroidManifest.xml:68:22-66
uses-permission#getui.permission.GetuiService.com.HBuilder.integrate
ADDED from src\main\AndroidManifest.xml:69:5-92
	android:name
		ADDED from src\main\AndroidManifest.xml:69:22-89
permission#getui.permission.GetuiService.com.HBuilder.integrate
ADDED from src\main\AndroidManifest.xml:71:5-73:44
	android:protectionLevel
		ADDED from src\main\AndroidManifest.xml:73:9-41
	android:name
		ADDED from src\main\AndroidManifest.xml:72:9-76
uses-permission#android.permission.ACCESS_MOCK_LOCATION
ADDED from src\main\AndroidManifest.xml:88:5-79
	android:name
		ADDED from src\main\AndroidManifest.xml:88:22-76
uses-permission#android.permission.MODIFY_AUDIO_SETTINGS
ADDED from src\main\AndroidManifest.xml:90:5-80
	android:name
		ADDED from src\main\AndroidManifest.xml:90:22-77
uses-permission#android.permission.RECORD_AUDIO
ADDED from src\main\AndroidManifest.xml:98:5-71
MERGED from [:lib.5plus.base-release:] AndroidManifest.xml:31:5-71
MERGED from [:lib.5plus.base-release:] AndroidManifest.xml:31:5-71
	android:name
		ADDED from src\main\AndroidManifest.xml:98:22-68
uses-permission#android.permission.CHANGE_NETWORK_STATE
ADDED from src\main\AndroidManifest.xml:101:5-79
MERGED from [:lib.5plus.base-release:] AndroidManifest.xml:20:5-79
MERGED from [:lib.5plus.base-release:] AndroidManifest.xml:20:5-79
	android:name
		ADDED from src\main\AndroidManifest.xml:101:22-76
uses-permission#android.permission.RECEIVE_USER_PRESENT
ADDED from src\main\AndroidManifest.xml:110:5-79
	android:name
		ADDED from src\main\AndroidManifest.xml:110:22-76
uses-permission#com.xiaomi.permission.AUTH_SERVICE
ADDED from src\main\AndroidManifest.xml:114:5-74
	android:name
		ADDED from src\main\AndroidManifest.xml:114:22-71
application
ADDED from src\main\AndroidManifest.xml:116:5-465:19
MERGED from [:lib.5plus.base-release:] AndroidManifest.xml:77:5-222:19
MERGED from [:lib.5plus.base-release:] AndroidManifest.xml:77:5-222:19
MERGED from [com.android.support:appcompat-v7:26.1.0] AndroidManifest.xml:25:5-29:19
MERGED from [com.android.support:appcompat-v7:26.1.0] AndroidManifest.xml:25:5-29:19
MERGED from [com.android.support.constraint:constraint-layout:1.0.2] AndroidManifest.xml:9:5-20
MERGED from [com.android.support.constraint:constraint-layout:1.0.2] AndroidManifest.xml:9:5-20
MERGED from [com.android.support:animated-vector-drawable:26.1.0] AndroidManifest.xml:22:5-26:19
MERGED from [com.android.support:animated-vector-drawable:26.1.0] AndroidManifest.xml:22:5-26:19
MERGED from [com.android.support:support-vector-drawable:26.1.0] AndroidManifest.xml:22:5-26:19
MERGED from [com.android.support:support-vector-drawable:26.1.0] AndroidManifest.xml:22:5-26:19
MERGED from [com.android.support:support-v4:26.1.0] AndroidManifest.xml:25:5-29:19
MERGED from [com.android.support:support-v4:26.1.0] AndroidManifest.xml:25:5-29:19
MERGED from [com.android.support:support-media-compat:26.1.0] AndroidManifest.xml:25:5-29:19
MERGED from [com.android.support:support-media-compat:26.1.0] AndroidManifest.xml:25:5-29:19
MERGED from [com.android.support:support-fragment:26.1.0] AndroidManifest.xml:25:5-29:19
MERGED from [com.android.support:support-fragment:26.1.0] AndroidManifest.xml:25:5-29:19
MERGED from [com.android.support:support-core-utils:26.1.0] AndroidManifest.xml:25:5-29:19
MERGED from [com.android.support:support-core-utils:26.1.0] AndroidManifest.xml:25:5-29:19
MERGED from [com.android.support:support-core-ui:26.1.0] AndroidManifest.xml:25:5-29:19
MERGED from [com.android.support:support-core-ui:26.1.0] AndroidManifest.xml:25:5-29:19
MERGED from [com.android.support:support-compat:26.1.0] AndroidManifest.xml:25:5-29:19
MERGED from [com.android.support:support-compat:26.1.0] AndroidManifest.xml:25:5-29:19
MERGED from [android.arch.lifecycle:runtime:1.0.0] AndroidManifest.xml:24:5-28:19
MERGED from [android.arch.lifecycle:runtime:1.0.0] AndroidManifest.xml:24:5-28:19
	android:supportsRtl
		ADDED from [:lib.5plus.base-release:] AndroidManifest.xml:80:9-35
	android:label
		ADDED from src\main\AndroidManifest.xml:120:9-41
	android:allowClearUserData
		ADDED from src\main\AndroidManifest.xml:118:9-42
	android:allowBackup
		ADDED from [:lib.5plus.base-release:] AndroidManifest.xml:79:9-35
	android:largeHeap
		ADDED from src\main\AndroidManifest.xml:121:9-33
	android:icon
		ADDED from src\main\AndroidManifest.xml:119:9-38
	android:name
		ADDED from src\main\AndroidManifest.xml:117:9-63
activity#io.dcloud.PandoraEntry
ADDED from src\main\AndroidManifest.xml:124:9-137:20
	android:screenOrientation
		ADDED from src\main\AndroidManifest.xml:131:13-45
	android:label
		ADDED from src\main\AndroidManifest.xml:127:13-45
	android:launchMode
		ADDED from src\main\AndroidManifest.xml:128:13-44
	android:hardwareAccelerated
		ADDED from src\main\AndroidManifest.xml:129:13-47
	android:windowSoftInputMode
		ADDED from src\main\AndroidManifest.xml:132:13-55
	android:configChanges
		ADDED from src\main\AndroidManifest.xml:126:13-83
	android:theme
		ADDED from src\main\AndroidManifest.xml:130:13-52
	android:name
		ADDED from src\main\AndroidManifest.xml:125:13-50
intent-filter#android.intent.action.MAIN+android.intent.category.LAUNCHER
ADDED from src\main\AndroidManifest.xml:133:13-136:29
action#android.intent.action.MAIN
ADDED from src\main\AndroidManifest.xml:134:17-69
	android:name
		ADDED from src\main\AndroidManifest.xml:134:25-66
category#android.intent.category.LAUNCHER
ADDED from src\main\AndroidManifest.xml:135:17-77
	android:name
		ADDED from src\main\AndroidManifest.xml:135:27-74
meta-data#UMENG_APPKEY
ADDED from src\main\AndroidManifest.xml:143:9-145:56
	android:value
		ADDED from src\main\AndroidManifest.xml:145:13-53
	android:name
		ADDED from src\main\AndroidManifest.xml:144:13-40
meta-data#UMENG_CHANNEL
ADDED from src\main\AndroidManifest.xml:146:9-148:42
	android:value
		ADDED from src\main\AndroidManifest.xml:148:13-39
	android:name
		ADDED from src\main\AndroidManifest.xml:147:13-41
meta-data#com.baidu.lbsapi.API_KEY
ADDED from src\main\AndroidManifest.xml:154:16-157:29
	android:value
		ADDED from src\main\AndroidManifest.xml:156:21-61
	android:name
		ADDED from src\main\AndroidManifest.xml:155:21-60
service#com.baidu.location.f
ADDED from src\main\AndroidManifest.xml:159:17-162:57
	android:process
		ADDED from src\main\AndroidManifest.xml:162:21-46
	android:enabled
		ADDED from src\main\AndroidManifest.xml:161:21-43
	android:name
		ADDED from src\main\AndroidManifest.xml:160:21-56
meta-data#QQ_APPID
ADDED from src\main\AndroidManifest.xml:169:9-171:42
	android:value
		ADDED from src\main\AndroidManifest.xml:171:13-39
	android:name
		ADDED from src\main\AndroidManifest.xml:170:13-36
activity#com.tencent.tauth.AuthActivity
ADDED from src\main\AndroidManifest.xml:173:9-185:20
	android:launchMode
		ADDED from src\main\AndroidManifest.xml:175:13-44
	android:noHistory
		ADDED from src\main\AndroidManifest.xml:176:13-37
	android:name
		ADDED from src\main\AndroidManifest.xml:174:13-58
intent-filter#android.intent.action.VIEW+android.intent.category.BROWSABLE+android.intent.category.DEFAULT
ADDED from src\main\AndroidManifest.xml:177:13-184:29
action#android.intent.action.VIEW
ADDED from src\main\AndroidManifest.xml:178:17-69
	android:name
		ADDED from src\main\AndroidManifest.xml:178:25-66
category#android.intent.category.DEFAULT
ADDED from src\main\AndroidManifest.xml:180:17-76
	android:name
		ADDED from src\main\AndroidManifest.xml:180:27-73
category#android.intent.category.BROWSABLE
ADDED from src\main\AndroidManifest.xml:181:17-78
	android:name
		ADDED from src\main\AndroidManifest.xml:181:27-75
data
ADDED from src\main\AndroidManifest.xml:183:17-53
	android:scheme
		ADDED from src\main\AndroidManifest.xml:183:23-50
activity#com.tencent.connect.common.AssistActivity
ADDED from src\main\AndroidManifest.xml:186:9-189:75
	android:screenOrientation
		ADDED from src\main\AndroidManifest.xml:188:13-49
	android:theme
		ADDED from src\main\AndroidManifest.xml:189:13-72
	android:name
		ADDED from src\main\AndroidManifest.xml:187:13-69
meta-data#IFLY_APPKEY
ADDED from src\main\AndroidManifest.xml:203:9-205:40
	android:value
		ADDED from src\main\AndroidManifest.xml:205:13-37
	android:name
		ADDED from src\main\AndroidManifest.xml:204:13-39
meta-data#PUSH_APPID
ADDED from src\main\AndroidManifest.xml:215:9-217:54
	android:value
		ADDED from src\main\AndroidManifest.xml:217:13-51
	android:name
		ADDED from src\main\AndroidManifest.xml:216:13-38
meta-data#PUSH_APPKEY
ADDED from src\main\AndroidManifest.xml:218:9-220:54
	android:value
		ADDED from src\main\AndroidManifest.xml:220:13-51
	android:name
		ADDED from src\main\AndroidManifest.xml:219:13-39
meta-data#PUSH_APPSECRET
ADDED from src\main\AndroidManifest.xml:221:9-223:54
	android:value
		ADDED from src\main\AndroidManifest.xml:223:13-51
	android:name
		ADDED from src\main\AndroidManifest.xml:222:13-42
service#com.igexin.sdk.PushService
ADDED from src\main\AndroidManifest.xml:225:9-233:19
	android:process
		ADDED from src\main\AndroidManifest.xml:229:13-43
	android:label
		ADDED from src\main\AndroidManifest.xml:228:13-47
	android:exported
		ADDED from src\main\AndroidManifest.xml:227:13-36
	android:name
		ADDED from src\main\AndroidManifest.xml:226:13-54
intent-filter#com.igexin.sdk.action.service.message
ADDED from src\main\AndroidManifest.xml:230:13-232:29
action#com.igexin.sdk.action.service.message
ADDED from src\main\AndroidManifest.xml:231:17-80
	android:name
		ADDED from src\main\AndroidManifest.xml:231:25-77
receiver#com.igexin.sdk.PushReceiver
ADDED from src\main\AndroidManifest.xml:235:9-245:20
	android:name
		ADDED from src\main\AndroidManifest.xml:235:19-61
intent-filter#android.intent.action.ACTION_POWER_CONNECTED+android.intent.action.ACTION_POWER_DISCONNECTED+android.intent.action.BOOT_COMPLETED+android.intent.action.MEDIA_MOUNTED+android.intent.action.USER_PRESENT+android.net.conn.CONNECTIVITY_CHANGE+com.igexin.sdk.action.refreshls
ADDED from src\main\AndroidManifest.xml:236:13-244:29
action#android.intent.action.BOOT_COMPLETED
ADDED from src\main\AndroidManifest.xml:237:17-79
	android:name
		ADDED from src\main\AndroidManifest.xml:237:25-76
action#android.net.conn.CONNECTIVITY_CHANGE
ADDED from src\main\AndroidManifest.xml:238:17-79
	android:name
		ADDED from src\main\AndroidManifest.xml:238:25-76
action#android.intent.action.USER_PRESENT
ADDED from src\main\AndroidManifest.xml:239:17-77
	android:name
		ADDED from src\main\AndroidManifest.xml:239:25-74
action#com.igexin.sdk.action.refreshls
ADDED from src\main\AndroidManifest.xml:240:17-74
	android:name
		ADDED from src\main\AndroidManifest.xml:240:25-71
action#android.intent.action.MEDIA_MOUNTED
ADDED from src\main\AndroidManifest.xml:241:17-78
	android:name
		ADDED from src\main\AndroidManifest.xml:241:25-75
action#android.intent.action.ACTION_POWER_CONNECTED
ADDED from src\main\AndroidManifest.xml:242:17-87
	android:name
		ADDED from src\main\AndroidManifest.xml:242:25-84
action#android.intent.action.ACTION_POWER_DISCONNECTED
ADDED from src\main\AndroidManifest.xml:243:17-90
	android:name
		ADDED from src\main\AndroidManifest.xml:243:25-87
activity#com.igexin.sdk.PushActivity
ADDED from src\main\AndroidManifest.xml:247:9-253:75
	android:process
		ADDED from src\main\AndroidManifest.xml:251:13-43
	android:excludeFromRecents
		ADDED from src\main\AndroidManifest.xml:249:13-46
	android:exported
		ADDED from src\main\AndroidManifest.xml:250:13-37
	android:theme
		ADDED from src\main\AndroidManifest.xml:253:13-72
	android:taskAffinity
		ADDED from src\main\AndroidManifest.xml:252:13-67
	android:name
		ADDED from src\main\AndroidManifest.xml:248:13-55
activity#com.igexin.sdk.GActivity
ADDED from src\main\AndroidManifest.xml:254:9-260:75
	android:process
		ADDED from src\main\AndroidManifest.xml:258:13-43
	android:excludeFromRecents
		ADDED from src\main\AndroidManifest.xml:256:13-46
	android:exported
		ADDED from src\main\AndroidManifest.xml:257:13-36
	android:theme
		ADDED from src\main\AndroidManifest.xml:260:13-72
	android:taskAffinity
		ADDED from src\main\AndroidManifest.xml:259:13-67
	android:name
		ADDED from src\main\AndroidManifest.xml:255:13-52
receiver#io.dcloud.feature.apsGt.GTNotificationReceiver
ADDED from src\main\AndroidManifest.xml:262:9-270:20
	android:name
		ADDED from src\main\AndroidManifest.xml:262:19-80
intent-filter#android.intent.action.BOOT_COMPLETED+io.dcloud.HBuilder.__CLEAR_NOTIFICATION+io.dcloud.HBuilder.__CLILK_NOTIFICATION+io.dcloud.HBuilder.__CREATE_NOTIFICATION+io.dcloud.HBuilder.__REMOVE_NOTIFICATION
ADDED from src\main\AndroidManifest.xml:263:13-269:29
action#io.dcloud.HBuilder.__CREATE_NOTIFICATION
ADDED from src\main\AndroidManifest.xml:265:17-83
	android:name
		ADDED from src\main\AndroidManifest.xml:265:25-80
action#io.dcloud.HBuilder.__REMOVE_NOTIFICATION
ADDED from src\main\AndroidManifest.xml:266:17-83
	android:name
		ADDED from src\main\AndroidManifest.xml:266:25-80
action#io.dcloud.HBuilder.__CLEAR_NOTIFICATION
ADDED from src\main\AndroidManifest.xml:267:17-82
	android:name
		ADDED from src\main\AndroidManifest.xml:267:25-79
action#io.dcloud.HBuilder.__CLILK_NOTIFICATION
ADDED from src\main\AndroidManifest.xml:268:17-82
	android:name
		ADDED from src\main\AndroidManifest.xml:268:25-79
service#io.dcloud.feature.apsGt.GTNormalIntentService
ADDED from src\main\AndroidManifest.xml:271:9-272:75
	android:name
		ADDED from src\main\AndroidManifest.xml:272:13-73
service#io.dcloud.feature.apsGt.GTNormalPushService
ADDED from src\main\AndroidManifest.xml:273:9-277:54
	android:process
		ADDED from src\main\AndroidManifest.xml:277:13-43
	android:label
		ADDED from src\main\AndroidManifest.xml:276:13-40
	android:exported
		ADDED from src\main\AndroidManifest.xml:275:13-36
	android:name
		ADDED from src\main\AndroidManifest.xml:274:13-71
meta-data#SINA_REDIRECT_URI
ADDED from src\main\AndroidManifest.xml:285:9-287:53
	android:value
		ADDED from src\main\AndroidManifest.xml:287:13-50
	android:name
		ADDED from src\main\AndroidManifest.xml:286:13-45
meta-data#SINA_SECRET
ADDED from src\main\AndroidManifest.xml:288:9-290:64
	android:value
		ADDED from src\main\AndroidManifest.xml:290:13-61
	android:name
		ADDED from src\main\AndroidManifest.xml:289:13-39
meta-data#SINA_APPKEY
ADDED from src\main\AndroidManifest.xml:291:9-293:43
	android:value
		ADDED from src\main\AndroidManifest.xml:293:13-40
	android:name
		ADDED from src\main\AndroidManifest.xml:292:13-39
activity#com.sina.weibo.sdk.web.WeiboSdkWebActivity
ADDED from src\main\AndroidManifest.xml:295:9-299:67
	android:windowSoftInputMode
		ADDED from src\main\AndroidManifest.xml:299:13-55
	android:exported
		ADDED from src\main\AndroidManifest.xml:298:13-37
	android:configChanges
		ADDED from src\main\AndroidManifest.xml:297:13-63
	android:name
		ADDED from src\main\AndroidManifest.xml:296:13-70
activity#com.sina.weibo.sdk.share.WbShareTransActivity
ADDED from src\main\AndroidManifest.xml:300:9-309:20
	android:launchMode
		ADDED from src\main\AndroidManifest.xml:302:13-44
	android:theme
		ADDED from src\main\AndroidManifest.xml:303:13-83
	android:name
		ADDED from src\main\AndroidManifest.xml:301:13-73
intent-filter#android.intent.category.DEFAULT+com.sina.weibo.sdk.action.ACTION_SDK_REQ_ACTIVITY
ADDED from src\main\AndroidManifest.xml:304:13-308:29
action#com.sina.weibo.sdk.action.ACTION_SDK_REQ_ACTIVITY
ADDED from src\main\AndroidManifest.xml:305:17-92
	android:name
		ADDED from src\main\AndroidManifest.xml:305:25-89
meta-data#TENCENT_REDIRECT_URI
ADDED from src\main\AndroidManifest.xml:315:9-317:53
	android:value
		ADDED from src\main\AndroidManifest.xml:317:13-50
	android:name
		ADDED from src\main\AndroidManifest.xml:316:13-48
meta-data#TENCENT_SECRET
ADDED from src\main\AndroidManifest.xml:318:9-320:53
	android:value
		ADDED from src\main\AndroidManifest.xml:320:13-50
	android:name
		ADDED from src\main\AndroidManifest.xml:319:13-42
meta-data#TENCENT_APPKEY
ADDED from src\main\AndroidManifest.xml:321:9-323:65
	android:value
		ADDED from src\main\AndroidManifest.xml:323:13-62
	android:name
		ADDED from src\main\AndroidManifest.xml:322:13-42
activity#io.dcloud.share.tencent.WebAuthorize
ADDED from src\main\AndroidManifest.xml:325:9-327:72
	android:theme
		ADDED from src\main\AndroidManifest.xml:327:13-60
	android:name
		ADDED from src\main\AndroidManifest.xml:326:13-64
meta-data#WX_SECRET
ADDED from src\main\AndroidManifest.xml:329:9-331:64
	android:value
		ADDED from src\main\AndroidManifest.xml:331:13-61
	android:name
		ADDED from src\main\AndroidManifest.xml:330:13-37
meta-data#WX_APPID
ADDED from src\main\AndroidManifest.xml:332:9-334:50
	android:value
		ADDED from src\main\AndroidManifest.xml:334:13-47
	android:name
		ADDED from src\main\AndroidManifest.xml:333:13-36
activity#io.dcloud.HBuilder.Hello.wxapi.WXEntryActivity
ADDED from src\main\AndroidManifest.xml:336:9-348:20
	android:label
		ADDED from src\main\AndroidManifest.xml:339:13-45
	android:launchMode
		ADDED from src\main\AndroidManifest.xml:340:13-43
	android:exported
		ADDED from src\main\AndroidManifest.xml:338:13-36
	android:name
		ADDED from src\main\AndroidManifest.xml:337:13-74
intent-filter#android.intent.action.VIEW+android.intent.category.DEFAULT
ADDED from src\main\AndroidManifest.xml:341:13-347:29
activity#com.alipay.sdk.app.H5PayActivity
ADDED from src\main\AndroidManifest.xml:353:9-358:79
	android:screenOrientation
		ADDED from src\main\AndroidManifest.xml:357:13-47
	android:windowSoftInputMode
		ADDED from src\main\AndroidManifest.xml:358:13-67
	android:exported
		ADDED from src\main\AndroidManifest.xml:356:13-37
	android:configChanges
		ADDED from src\main\AndroidManifest.xml:355:13-74
	android:name
		ADDED from src\main\AndroidManifest.xml:354:13-60
activity#com.alipay.sdk.auth.AuthActivity
ADDED from src\main\AndroidManifest.xml:359:9-363:59
	android:screenOrientation
		ADDED from src\main\AndroidManifest.xml:363:13-47
	android:exported
		ADDED from src\main\AndroidManifest.xml:362:13-37
	android:configChanges
		ADDED from src\main\AndroidManifest.xml:361:13-74
	android:name
		ADDED from src\main\AndroidManifest.xml:360:13-60
activity#io.dcloud.HBuilder.Hello.wxapi.WXPayEntryActivity
ADDED from src\main\AndroidManifest.xml:368:9-371:46
	android:launchMode
		ADDED from src\main\AndroidManifest.xml:371:13-43
	android:exported
		ADDED from src\main\AndroidManifest.xml:370:13-36
	android:name
		ADDED from src\main\AndroidManifest.xml:369:13-77
meta-data#MIUI_APPID
ADDED from src\main\AndroidManifest.xml:379:9-381:45
	android:value
		ADDED from src\main\AndroidManifest.xml:381:13-42
	android:name
		ADDED from src\main\AndroidManifest.xml:380:13-38
meta-data#MIUI_APPSECRET
ADDED from src\main\AndroidManifest.xml:382:9-384:48
	android:value
		ADDED from src\main\AndroidManifest.xml:384:13-45
	android:name
		ADDED from src\main\AndroidManifest.xml:383:13-42
meta-data#MIUI_REDIRECT_URI
ADDED from src\main\AndroidManifest.xml:385:9-387:43
	android:value
		ADDED from src\main\AndroidManifest.xml:387:13-40
	android:name
		ADDED from src\main\AndroidManifest.xml:386:13-45
activity#com.xiaomi.account.openauth.AuthorizeActivity
ADDED from src\main\AndroidManifest.xml:389:9-82
	android:name
		ADDED from src\main\AndroidManifest.xml:389:19-79
service#com.xiaomi.push.service.XMPushService
ADDED from src\main\AndroidManifest.xml:400:9-403:46
	android:process
		ADDED from src\main\AndroidManifest.xml:403:13-43
	android:enabled
		ADDED from src\main\AndroidManifest.xml:402:13-35
	android:name
		ADDED from src\main\AndroidManifest.xml:401:13-65
service#com.xiaomi.push.service.XMJobService
ADDED from src\main\AndroidManifest.xml:404:9-409:46
	android:process
		ADDED from src\main\AndroidManifest.xml:409:13-43
	android:enabled
		ADDED from src\main\AndroidManifest.xml:406:13-35
	android:exported
		ADDED from src\main\AndroidManifest.xml:407:13-37
	android:permission
		ADDED from src\main\AndroidManifest.xml:408:13-69
	android:name
		ADDED from src\main\AndroidManifest.xml:405:13-64
service#com.xiaomi.mipush.sdk.PushMessageHandler
ADDED from src\main\AndroidManifest.xml:410:9-413:39
	android:enabled
		ADDED from src\main\AndroidManifest.xml:412:13-35
	android:exported
		ADDED from src\main\AndroidManifest.xml:413:13-36
	android:name
		ADDED from src\main\AndroidManifest.xml:411:13-68
service#com.xiaomi.mipush.sdk.MessageHandleService
ADDED from src\main\AndroidManifest.xml:414:9-416:38
	android:enabled
		ADDED from src\main\AndroidManifest.xml:416:13-35
	android:name
		ADDED from src\main\AndroidManifest.xml:415:13-70
receiver#com.xiaomi.push.service.receivers.NetworkStatusReceiver
ADDED from src\main\AndroidManifest.xml:418:9-426:20
	android:exported
		ADDED from src\main\AndroidManifest.xml:420:13-36
	android:name
		ADDED from src\main\AndroidManifest.xml:419:13-83
intent-filter#android.intent.category.DEFAULT+android.net.conn.CONNECTIVITY_CHANGE
ADDED from src\main\AndroidManifest.xml:421:13-425:29
receiver#com.xiaomi.push.service.receivers.PingReceiver
ADDED from src\main\AndroidManifest.xml:427:9-434:20
	android:process
		ADDED from src\main\AndroidManifest.xml:430:13-43
	android:exported
		ADDED from src\main\AndroidManifest.xml:429:13-37
	android:name
		ADDED from src\main\AndroidManifest.xml:428:13-74
intent-filter#com.xiaomi.push.PING_TIMER
ADDED from src\main\AndroidManifest.xml:431:13-433:29
action#com.xiaomi.push.PING_TIMER
ADDED from src\main\AndroidManifest.xml:432:17-69
	android:name
		ADDED from src\main\AndroidManifest.xml:432:25-66
receiver#io.dcloud.feature.apsXm.XMMessageReceiver
ADDED from src\main\AndroidManifest.xml:435:9-447:20
	android:exported
		ADDED from src\main\AndroidManifest.xml:437:13-36
	android:name
		ADDED from src\main\AndroidManifest.xml:436:13-69
intent-filter#com.xiaomi.mipush.RECEIVE_MESSAGE
ADDED from src\main\AndroidManifest.xml:438:13-440:29
action#com.xiaomi.mipush.RECEIVE_MESSAGE
ADDED from src\main\AndroidManifest.xml:439:17-76
	android:name
		ADDED from src\main\AndroidManifest.xml:439:25-73
intent-filter#com.xiaomi.mipush.MESSAGE_ARRIVED
ADDED from src\main\AndroidManifest.xml:441:13-443:29
action#com.xiaomi.mipush.MESSAGE_ARRIVED
ADDED from src\main\AndroidManifest.xml:442:17-76
	android:name
		ADDED from src\main\AndroidManifest.xml:442:25-73
intent-filter#com.xiaomi.mipush.ERROR
ADDED from src\main\AndroidManifest.xml:444:13-446:29
action#com.xiaomi.mipush.ERROR
ADDED from src\main\AndroidManifest.xml:445:17-66
	android:name
		ADDED from src\main\AndroidManifest.xml:445:25-63
receiver#io.dcloud.feature.apsXm.XMNotificationReceiver
ADDED from src\main\AndroidManifest.xml:448:9-458:20
	android:exported
		ADDED from src\main\AndroidManifest.xml:450:13-36
	android:name
		ADDED from src\main\AndroidManifest.xml:449:13-74
intent-filter#android.intent.action.BOOT_COMPLETED+com.HBuilder.integrate.__CLEAR_NOTIFICATION+com.HBuilder.integrate.__CLILK_NOTIFICATION+com.HBuilder.integrate.__CREATE_NOTIFICATION+com.HBuilder.integrate.__REMOVE_NOTIFICATION
ADDED from src\main\AndroidManifest.xml:451:13-457:29
action#com.HBuilder.integrate.__CREATE_NOTIFICATION
ADDED from src\main\AndroidManifest.xml:453:17-87
	android:name
		ADDED from src\main\AndroidManifest.xml:453:25-84
action#com.HBuilder.integrate.__REMOVE_NOTIFICATION
ADDED from src\main\AndroidManifest.xml:454:17-87
	android:name